<?xml version="1.0" encoding="UTF-8"?>
<!-- Generated by org.testng.reporters.JUnitXMLReporter -->
<testsuite ignored="1" hostname="MacBooks-MacBook-Pro.local" failures="0" tests="1" name="Default test" time="0.969" errors="0" timestamp="2021-06-14T02:41:17 EET">
  <testcase classname="tests.CreateIssue" name="searchIssue" time="0.0">
    <skipped/>
  </testcase> <!-- searchIssue -->
  <testcase classname="tests.CreateIssue" name="creatNewIssue" time="0.0">
    <ignored/>
  </testcase> <!-- creatNewIssue -->
</testsuite> <!-- Default test -->
